Traceback (most recent call last):
  File "/Users/ethan/opt/miniconda3/envs/pythonbook/lib/python3.10/site-packages/jupyter_cache/executors/utils.py", line 51, in single_nb_execution
    executenb(
  File "/Users/ethan/opt/miniconda3/envs/pythonbook/lib/python3.10/site-packages/nbclient/client.py", line 1204, in execute
    return NotebookClient(nb=nb, resources=resources, km=km, **kwargs).execute()
  File "/Users/ethan/opt/miniconda3/envs/pythonbook/lib/python3.10/site-packages/nbclient/util.py", line 84, in wrapped
    return just_run(coro(*args, **kwargs))
  File "/Users/ethan/opt/miniconda3/envs/pythonbook/lib/python3.10/site-packages/nbclient/util.py", line 62, in just_run
    return loop.run_until_complete(coro)
  File "/Users/ethan/opt/miniconda3/envs/pythonbook/lib/python3.10/asyncio/base_events.py", line 646, in run_until_complete
    return future.result()
  File "/Users/ethan/opt/miniconda3/envs/pythonbook/lib/python3.10/site-packages/nbclient/client.py", line 663, in async_execute
    await self.async_execute_cell(
  File "/Users/ethan/opt/miniconda3/envs/pythonbook/lib/python3.10/site-packages/nbclient/client.py", line 965, in async_execute_cell
    await self._check_raise_for_error(cell, cell_index, exec_reply)
  File "/Users/ethan/opt/miniconda3/envs/pythonbook/lib/python3.10/site-packages/nbclient/client.py", line 862, in _check_raise_for_error
    raise CellExecutionError.from_cell_and_msg(cell, exec_reply_content)
nbclient.exceptions.CellExecutionError: An error occurred while executing the following cell:
------------------
df = pd.DataFrame(
    {'age': age,
     'score': score,
     'rt': rt,
     'group': group
    })
------------------

[0;31m---------------------------------------------------------------------------[0m
[0;31mNameError[0m                                 Traceback (most recent call last)
Input [0;32mIn [2][0m, in [0;36m<cell line: 1>[0;34m()[0m
[0;32m----> 1[0m df [38;5;241m=[39m [43mpd[49m[38;5;241m.[39mDataFrame(
[1;32m      2[0m     {[38;5;124m'[39m[38;5;124mage[39m[38;5;124m'[39m: age,
[1;32m      3[0m      [38;5;124m'[39m[38;5;124mscore[39m[38;5;124m'[39m: score,
[1;32m      4[0m      [38;5;124m'[39m[38;5;124mrt[39m[38;5;124m'[39m: rt,
[1;32m      5[0m      [38;5;124m'[39m[38;5;124mgroup[39m[38;5;124m'[39m: group
[1;32m      6[0m     })

[0;31mNameError[0m: name 'pd' is not defined
NameError: name 'pd' is not defined

